<?xml version="1.0" encoding="UTF-8"?>
<testng-results skipped="0" failed="0" total="1" passed="1">
  <reporter-output>
  </reporter-output>
  <suite name="Default suite" duration-ms="49241" started-at="2020-02-13T06:16:41Z" finished-at="2020-02-13T06:17:30Z">
    <groups>
    </groups>
    <test name="Default test" duration-ms="49241" started-at="2020-02-13T06:16:41Z" finished-at="2020-02-13T06:17:30Z">
      <class name="org.qbrainx.test.TestNG">
        <test-method status="PASS" signature="beforeLaunch()[pri:0, instance:org.qbrainx.test.TestNG@2d209079]" name="beforeLaunch" is-config="true" duration-ms="11510" started-at="2020-02-13T11:46:41Z" finished-at="2020-02-13T11:46:53Z">
          <reporter-output>
          </reporter-output>
        </test-method> <!-- beforeLaunch -->
        <test-method status="PASS" signature="login()[pri:0, instance:org.qbrainx.test.TestNG@2d209079]" name="login" duration-ms="32710" started-at="2020-02-13T11:46:53Z" finished-at="2020-02-13T11:47:25Z">
          <reporter-output>
          </reporter-output>
        </test-method> <!-- login -->
        <test-method status="PASS" signature="startTime()[pri:0, instance:org.qbrainx.test.TestNG@2d209079]" name="startTime" is-config="true" duration-ms="0" started-at="2020-02-13T11:46:53Z" finished-at="2020-02-13T11:46:53Z">
          <reporter-output>
          </reporter-output>
        </test-method> <!-- startTime -->
        <test-method status="PASS" signature="endTime()[pri:0, instance:org.qbrainx.test.TestNG@2d209079]" name="endTime" is-config="true" duration-ms="0" started-at="2020-02-13T11:47:25Z" finished-at="2020-02-13T11:47:25Z">
          <reporter-output>
          </reporter-output>
        </test-method> <!-- endTime -->
        <test-method status="PASS" signature="closeBrowser()[pri:0, instance:org.qbrainx.test.TestNG@2d209079]" name="closeBrowser" is-config="true" duration-ms="5019" started-at="2020-02-13T11:47:25Z" finished-at="2020-02-13T11:47:30Z">
          <reporter-output>
          </reporter-output>
        </test-method> <!-- closeBrowser -->
      </class> <!-- org.qbrainx.test.TestNG -->
    </test> <!-- Default test -->
  </suite> <!-- Default suite -->
</testng-results>
